[    0.000000]Iniaizing grupsubsys cpuset
[    0.000000] Initializing cgroup subsys cpu
[    0.000000] Initializing cgroup subsys cpuacct
[    0.000] Linux ersion 44.-13-gerc buddlgw01-amd6015) (gccveio 5.4. 26009 (Ubntu 5..06ubunu16.4.0) #57-Ubunu MPThu Jul 12 15:51:36 UTC 2018 (Ubuntu 4.4.0131157-generic 4.4.134)
[    0.000000] Command in: BOOIMGE=/bootvmnuz-.4.0-131enricooLABELloimg-rtfro coole=ty1 cnse=tty0[    0.000000] KERNEL pprted cpus:
[   00000] Inel GenuiInel
[  000000] AM AuthetiMD
[   0000] Cetaur CetaHauls
[   .0000]x8/fu:state_offset[2]  576, xat_sze2]:  256[   0.000 x86fp Spportg XSVE fature 0x0: x87 foangpoint egtes'
[   0.0000] 86pu: Supprtg SAE atre 0x0 'E regite'
[  00000] 6/fpu: Suportng XSAVE feur0x04:AVregister'[   0.000] x6/u:Enabedstte featurs x7, cntt ize i 8 byt, ing stndd' forat
    0.00000] 6/fp Ung 'ag' PU context switches.
[    0.000000] e820: BIOS-provided physical RAM map:
[    0.000000] BIOS-e820: [mem 0x000000000000000-000000000bf] usable
[    0.000000] BIOS-e820: [mem 0x000000000009fc00-0x000000000009ffff] reserved
[    0.000000] BIOS-e820: [mem 0x00000000000f0000-0x00000000000fffff] reservd[   000000] BIOS-e820: [mem 0x0000000000100000-0x000000003ffeffff] usale
[   0.00000] BIOS-e0: [m 000000ff0000x000003ffff] ACPIda
    .000] OS820:[m 0000000fe0000-0000000fe0f] resrv
    .000] BIOS-e20 [me0x000000fee00-0x00000ee00f] resved[    0.00000]BIOS-20 [mm x000000fc000-0x00000fffff rserved[   00000 NX (ecut Dsabe)roectionacve
[    0.000000] SMBIOS 2.5 present.
[    0.000000] Hypervisor detected: KVM
[    0.000000] e820: last_pfn = 0x3fff0 max_arch_pfn = 0x400000000
[    0.000000] MTRR: Disabled
[    .0000]86AT: MTRsisbl, kiping PT italizaon too.
[    0.000] CPU TR al blank- irualiedsyte.
[    0.0000] x86/AT Configuration [0-7]: WB  WT  UC- UC  WB  WT  UC- UC [   0.0000 found SMP P-ble a[m 0x009fff0-0x009fff mapped at [fff880009fff0][   0.0000 Scanin1 reas r ow memoy rruptin    0000] RMDSK[mem0x63000-x37df]
[   00000] PI: ar tblchksumvefiationisled
  0.00000 AI:RSP 000000000E00 000024(v VBOX )    0.000000]AC: XSDT0x000003FFF0300003C 01BOX   VOXDT000000AS  00001)
[   .0000]ACI: FACP 0000000FF0F 0000F4 04BOX   VOXCP 00001AS  00061)
  0.0000]CP: DSDTx000003FFF47 0021F (2 BOX VXBIOS 00002IN 2100528)
[  00000ACPI: CS0x0000003FF20 0000
[    0.0000] ACPI:FACS 0x000000FFF00000040
[    0.00000]CPI: PI0x00000FFF0240 0005C (v2 OX  VBOXAPIC 000001ASL  000000)
[  000000] ACPI: SSDT 0x000000003FFF02A0 0001CC (v01VB  VBOXCPU0000002NT 201008)
[   0.000000] No NUMA configuration found
[    0.000000] Faking a node at [mem 0x0000000000000-0000003ffeffff]
[  0.0000]ODE_DATA(0)alocted [me 0ffeb00-x3ffeff]
[   000000]kvclck: Usngsrs 4b4d1 and 45600
[    0.000]kvm-oc: c 0 mr :3e301, pma cpu clock
[   0.0000] m-clock: usig ched offetf 706467ccycle
   0.0000] clocksource: kvm-clok:mak: 0fffffffffff m_cycle: 1cd42e4dffb mx_dle_ns 85959143 
[    0.000000]Zo ranges:
[   .00000  MA     [m 0x00000000100-0000000ffff]
[    0.000000]   DMA32    [mem 0x0000000001000000-0x000000003ffeffff]
[    0.000000]   Normal   empty
[    0.000000]   Device   empty
[    0.000000] Movblzoe start for each nod
[   .00000Ealy mor nod rge
[   .0000]  node   0: me0x00000000100-00000009fff][   0.00000  noe 0:[mem 0x000000000-0x000003ffeff
[   0.000] Itm setupnoe  [mem 0x00000000000000x000003fefff
[   0.00000]CPI:PMTier IO Pot:0x4008
[    0.000000] OAIC0]ap_id , rson 3, drss0xc0000, I 23
[   0.0000] ACPI: INT_SRC_OVR (b 0us_iq glba_i 2dfl dfl)[   0.000]ACPI:INSR_OV (s  busir 9 global_irq 9 low leel
[    0.000 Usig PI (MADT) fr SMP configuatoninormation
[    0.0000]smoo: Alloin2 PUs, 0 hotpl Cs
[  00000 P Regier nosave memory: [mem 0x00000000-0x00000fff]
[    0.000 PM: giered nosavmemor [m 0x0900-0x09fff]
[  00000 P Regsterenoavemery [mem 00000000x00effff][   0.0000PM: Regsted nosaveemry: me0x0000-0000ff]
[    0.000]e820:me 040000-0xbfff] vaabe for PCI evces
[  0.00000] Boing pravirtualized kernel on KVM
[    0.000000] clocksource: refined-jiffies: mask: 0xffffffff max_cycles: 0xffffffff,max_dlns  7645190211568 ns   0.00000 stu_pcpu: NR_CPUS:512 nr_cpumask_bits:512 nr_cpu_ids:2nr_od_is:
[   0.000]PERCPU:Emddd 34pas/pu ff8803fc0000 s54 r192 d31528 u1048576
[    0.000000] PV qspinlock hsh table entries: 256 (order: 0, 4096 bytes)
[    0.000000] Built 1 zonelists in Node order, mobility grouping on.  Total pages: 257912
[    0.000000] Policy zone: DMA2
[    0.000 Kerelomand line: BOOT_IMAGE=/bot/vmin-44.031eneric rot=BE=cloudmgoofs  csole=tt csole=ttyS0
[    0.000000] PID astale entres4096 (orer 3 3278 bytes)
[    0.00000] Memry 997724K/1048120K available (8546K kernel code, 1313K rwdata, 4000K rodata, 1516K iit136K ss 50396K reserved, 0K cma-reserved)
[    0.000000] SLUB: HWalign=64, Order=0-3, MinObjects=0, CPUs=2, Nodes=1
[    0.000000] Kernel/User page tables isolation: enabled
[    0.0000] Hiarical RCUmpementation.
[    0.000000] 	Build-time adjustment of leaf fanout to 64.
[    0.000000] 	RCU restricting Usrom _CS=512 o nr_cpu_ids=2.
[    0.00000 RCU: djtig geomryor rcuant_lea64nr_cpid2
[  000000NRRQS:33024 nr_irqs:440 16
[    0.000000] Console: colour VGA+ 80x25
[    0.000000] console [tty1] enabled
[    0.000000] console [ttyS0] enabled
[     0.000000] tsc: Detected 2699.998 MHz processor
[   19.778186] Calibrating delay loop (skipped) preset value.. 5399.99 BogoMIPS (lpj=10799992)
[   19.839705] pid_max: default: 32768 minimum: 301
[   19.896440] ACPI: Core revision 20150930
[   19.919632] ACPI: 2 ACPI AML tables successfully acquired and loaded
[   19.988145] Security Framework initialized
[   20.031380] Yama: becoming mindful.
[   20.038350] AppArmor: AppArmor initialized
[   20.039867] Dentry cache hash table entries: 131072 (order: 8, 1048576 bytes)
[   20.044093] Inode-cache hash table entries: 65536 (order: 7, 524288 bytes)
[   20.111751] Mount-cache hash table entries: 2048 (order: 2, 16384 bytes)
[   20.180187] Mountpoint-cache hash table entries: 2048 (order: 2, 16384 bytes)
[   20.309210] Initializing cgroup subsys io
[   20.365607] Initializing cgroup subsys memory
[   20.367121] Initializing cgroup subsys devices
[   20.415336] Initializing cgroup subsys freezer
[   20.487928] Initializing cgroup subsys net_cls
[   20.529756] Initializing cgroup subsys perf_event
[   20.531352] Initializing cgroup subsys net_prio
[   20.564418] Initializing cgroup subsys hugetlb
[   20.618155] Initializing cgroup subsys pids
[   20.658286] CPU: Physical Processor ID: 0
[   20.732052] CPU: Processor Core ID: 0
[   20.797254] mce: CPU supports 0 MCE banks
[   20.820710] Last level iTLB entries: 4KB 64, 2MB 8, 4MB 8
[   20.822518] Last level dTLB entries: 4KB 64, 2MB 0, 4MB 0, 1GB 4
[   20.824518] Spectre V2 : Mitigation: Full generic retpoline
[   20.892688] Spectre V2 : Speculation control IBPB not-supported IBRS not-supported
[   21.028441] Speculative Store Bypass: Vulnerable
[   21.044308] Freeing SMP alternatives memory: 32K
[   21.105566] ftrace: allocating 32245 entries in 126 pages
[   21.246255] smpboot: APIC(0) Converting physical 0 to logical package 0
[   21.319012] smpboot: Max logical packages: 1
[   21.357365] x2apic enabled
[   21.396825] Switched APIC routing to physical x2apic.
[   21.485497] ..TIMER: vector=0x30 apic1=0 pin1=2 apic2=-1 pin2=-1
[   21.688173] smpboot: CPU0: Intel(R) Core(TM) i5-5257U CPU @ 2.70GHz (family: 0x6, model: 0x3d, stepping: 0x4)
[   21.825175] Performance Events: unsupported p6 CPU model 61 no PMU driver, software events only.
[   21.948895] KVM setup paravirtual spinlock
[   22.017777] x86: Booting SMP configuration:
[   22.101245] .... node  #0, CPUs:      #1
[   22.134365] kvm-clock: cpu 1, msr 0:3ffe3041, secondary cpu clock
[   22.146213] mce: CPU supports 0 MCE banks
[   22.149327] x86: Booted up 1 node, 2 CPUs
[   22.177061] smpboot: Total of 2 processors activated (10799.99 BogoMIPS)
[   22.207890] devtmpfs: initialized
[   22.235182] evm: security.selinux
[   22.285121] evm: security.SMACK64
[   22.302319] evm: security.SMACK64EXEC
[   22.351193] evm: security.SMACK64TRANSMUTE
[   22.387403] evm: security.SMACK64MMAP
[   22.420374] evm: security.ima
[   22.449756] evm: security.capability
[   22.476317] clocksource: jiffies: mask: 0xffffffff max_cycles: 0xffffffff, max_idle_ns: 7645041785100000 ns
[   22.567061] futex hash table entries: 512 (order: 3, 32768 bytes)
[   22.609601] pinctrl core: initialized pinctrl subsystem
[   22.655395] RTC time: 14:28:00, date: 08/10/18
[   22.702311] NET: Registered protocol family 16
[   22.760570] cpuidle: using governor ladder
[   22.808102] cpuidle: using governor menu
[   22.821992] PCCT header not found.
[   22.827483] ACPI: bus type PCI registered
[   22.874829] acpiphp: ACPI Hot Plug PCI Controller Driver version: 0.5
[   22.925564] PCI: Using configuration type 1 for base access
[   22.985126] ACPI: Added _OSI(Module Device)
[   23.024027] ACPI: Added _OSI(Processor Device)
[   23.065509] ACPI: Added _OSI(3.0 _SCP Extensions)
[   23.116070] ACPI: Added _OSI(Processor Aggregator Device)
[   23.160569] ACPI: Executed 1 blocks of module-level executable AML code
[   23.211157] ACPI: Interpreter enabled
[   23.239599] ACPI: (supports S0 S5)
[   23.257357] ACPI: Using IOAPIC for interrupt routing
[   23.268257] PCI: Using host bridge windows from ACPI; if necessary, use "pci=nocrs" and report a bug
[   23.314350] ACPI: PCI Root Bridge [PCI0] (domain 0000 [bus 00-ff])
[   23.347539] acpi PNP0A03:00: _OSC: OS supports [ASPM ClockPM Segments MSI]
[   23.406799] acpi PNP0A03:00: _OSC: not requesting OS control; OS requires [ExtendedConfig ASPM ClockPM MSI]
[   23.490705] acpi PNP0A03:00: fail to add MMCONFIG information, can't access extended PCI configuration space under this bridge.
[   23.597804] PCI host bridge to bus 0000:00
[   23.645010] pci_bus 0000:00: root bus resource [io  0x0000-0x0cf7 window]
[   23.707031] pci_bus 0000:00: root bus resource [io  0x0d00-0xffff window]
[   23.767664] pci_bus 0000:00: root bus resource [mem 0x000a0000-0x000bffff window]
[   23.818689] pci_bus 0000:00: root bus resource [mem 0x40000000-0xfdffffff window]
[   23.879636] pci_bus 0000:00: root bus resource [bus 00-ff]
[   23.926171] pci 0000:00:01.1: legacy IDE quirk: reg 0x10: [io  0x01f0-0x01f7]
[   23.992291] pci 0000:00:01.1: legacy IDE quirk: reg 0x14: [io  0x03f6]
[   24.056473] pci 0000:00:01.1: legacy IDE quirk: reg 0x18: [io  0x0170-0x0177]
[   24.133536] pci 0000:00:01.1: legacy IDE quirk: reg 0x1c: [io  0x0376]
[   24.231254] pci 0000:00:07.0: quirk: [io  0x4000-0x403f] claimed by PIIX4 ACPI
[   24.294193] pci 0000:00:07.0: quirk: [io  0x4100-0x410f] claimed by PIIX4 SMB
[   24.362544] ACPI: PCI Interrupt Link [LNKA] (IRQs 5 9 10 *11)
[   24.391110] ACPI: PCI Interrupt Link [LNKB] (IRQs 5 9 *10 11)
[   24.412950] ACPI: PCI Interrupt Link [LNKC] (IRQs 5 *9 10 11)
[   24.444658] ACPI: PCI Interrupt Link [LNKD] (IRQs 5 9 10 *11)
[   24.489243] ACPI: Enabled 2 GPEs in block 00 to 07
[   24.519311] vgaarb: setting as boot device: PCI:0000:00:02.0
[   24.564251] vgaarb: device added: PCI:0000:00:02.0,decodes=io+mem,owns=io+mem,locks=none
[   24.617159] vgaarb: loaded
[   24.618256] vgaarb: bridge control possible 0000:00:02.0
[   24.676735] SCSI subsystem initialized
[   24.694725] ACPI: bus type USB registered
[   24.741395] usbcore: registered new interface driver usbfs
[   24.786583] usbcore: registered new interface driver hub
[   24.793757] usbcore: registered new device driver usb
[   24.827468] PCI: Using ACPI for IRQ routing
[   24.880608] NetLabel: Initializing
[   24.910489] NetLabel:  domain hash size = 128
[   24.953087] NetLabel:  protocols = UNLABELED CIPSOv4
[   25.003686] NetLabel:  unlabeled traffic allowed by default
[   25.073627] amd_nb: Cannot enumerate AMD northbridges
[   25.123519] clocksource: Switched to clocksource kvm-clock
[   25.23606]Aprm: pArmo Feste Ebl
  5.722053] pnp P AI it[ 260156pn P ACPI: found 3 devices
[   26.292798] clocksource: acpi_pm: mask: 0xffffff max_cycles: 0xffffff, max_idle_ns: 2085701024 ns
[   26.409427] NET: Registered protocol family 2
[   26.542293] TCP established hash table entries: 8192 (order: 4, 65536 bytes)
[   26.660699] TCP bind hash table entries: 8192 (order: 5, 131072 bytes)
[   26.686736] TCP: Hash tables configured (established 8192 bind 8192)
[   26.705359] UDP hash table entries: 512 (order: 2, 16384 bytes)
[   26.808837] UDP-Lite hash table entries: 512 (order: 2, 16384 bytes)
[   26.978761] NET: Registered protocol family 1
[   27.159046] pci 0000:00:00.0: Limiting direct PCI/PCI transfers
[   27.161084] pci 0000:00:01.0: Activating ISA DMA hang workarounds
[   27.167973] Unpacking initramfs...
[ 27751]reininrdmeor 192
[ 27872]APPMU tected, PIniis^- Jle 4ixd outes 107374124msvf tme
  8.24]  ut  dmain p0-re^-Joes
[   29.505979] hw unit of domain package 2^-0 Joules
[   29.564188] hw unit of domain dram 2^-0 Joules
[   29.599891] hw unit of domain pp1-gpu 2^-0 Joules
[   2.658 ptfm c_osreistered patrmTCeve no PNP eve un
   30.450447] cainfolomeryorptn er60ecds[  312855] scReneTSclksrccaibti: 0112MH

[   31.905034] clocksource: tsc: mas: fffffffff x_cles: 0x26ef60a947a, max_idle_ns: 4075375ns

 [   31.905419 aitiniazi nli ssy(dabed

[   31.905432] audit: type=2000 audit(1533911270.168:1): initialized
[   31.905679] Initialise system trusted keyring
[   31.905774] HugeTLB registered 2 MB page size, pre-allocated 0 pages
[   31.906955] zbud: loaded
[   31.907225] VFS: Disk quotas dquot_6.6.0
[   31.907250] VFS: Dquot-cache hash table entries: 512 (order 0, 4096 bytes)
[   31.907458] squashfs: version 4.0 (2009/01/31) Phillip Lougher
[   31.907715] fuse init (API version 7.23)
[   31.907822] Key type big_key registered
[   31.907841] Allocating IMA MOK and blacklist keyrings.
[   31.908034] Key type asymmetric registered
[   31.908036] Asymmetric key parser 'x509' registered
[   31.908108] Block layer SCSI generic (bsg) driver version 0.4 loaded (major 249)
[   31.908134] io scheduler noop registered
[   31.908136] io scheduler deadline registered (default)
[   31.908164] io scheduler cfq registered
[   31.908313] pci_hotplug: PCI Hot Plug PCI Core version: 0.5
[   31.908319] pciehp: PCI Express Hot Plug Controller Driver version: 0.4
[   31.909034] ACPI: AC Adapter [AC] (on-line)
[   31.909145] input: Power Button as /devices/LNXSYSTM:00/LNXPWRBN:00/input/input0
[   31.909149] ACPI: Power Button [PWRF]
[   31.909320] input: Sleep Button as /devices/LNXSYSTM:00/LNXSLPBN:00/input/input1
[   31.909323] ACPI: Sleep Button [SLPF]
[   31.909509] GHES: HEST is not enabled!
[   31.909592] Serial: 8250/16550 driver, 32 ports, IRQ sharing enabled
[   32.474715] 00:02: ttyS0 at I/O 0x3f8 (irq = 4, base_baud = 115200) is a 16550A
[   33.034517] Linux agpgart interface v0.103
[   33.057965] loop: module loaded
[   33.058561] scsi host0: ata_piix
[   33.058611] scsi host1: ata_piix
[   33.058638] ata1: PATA max UDMA/33 cmd 0x1f0 ctl 0x3f6 bmdma 0xd000 irq 14
[   33.058639] ata2: PATA max UDMA/33 cmd 0x170 ctl 0x376 bmdma 0xd008 irq 15
[   33.058708] libphy: Fixed MDIO Bus: probed
[   33.058709] tun: Universal TUN/TAP device driver, 1.6
[   33.058709] tun: (C) 1999-2004 Max Krasnyansky <maxk@qualcomm.com>
[   33.058744] PPP generic driver version 2.4.2
[   33.058785] ehci_hcd: USB 2.0 'Enhanced' Host Controller (EHCI) Driver
[   33.058789] ehci-pci: EHCI PCI platform driver
[   33.058802] ehci-platform: EHCI generic platform driver
[   33.058809] ohci_hcd: USB 1.1 'Open' Host Controller (OHCI) Driver
[   33.058812] ohci-pci: OHCI PCI platform driver
[   33.058819] ohci-platform: OHCI generic platform driver
[   33.058825] uhci_hcd: USB Universal Host Controller Interface driver
[   33.058872] i8042: PNP: PS/2 Controller [PNP0303:PS2K,PNP0f03:PS2M] at 0x60,0x64 irq 1,12
[   33.060379] ACPI: Battery Slot [BAT0] (battery present)
[   33.092388] serio: i8042 KBD port at 0x60,0x64 irq 1
[   33.092394] serio: i8042 AUX port at 0x60,0x64 irq 12
[   33.092519] mousedev: PS/2 mouse device common for all mice
[   33.092851] rtc_cmos rtc_cmos: rtc core: registered rtc_cmos as rtc0
[   33.092903] rtc_cmos rtc_cmos: alarms up to one day, 114 bytes nvram
[   33.092910] i2c /dev entries driver
[   33.092962] device-mapper: uevent: version 1.0.3
[   33.093011] device-mapper: ioctl: 4.34.0-ioctl (2015-10-28) initialised: dm-devel@redhat.com
[   33.093028] ledtrig-cpu: registered to indicate activity on CPUs
[   33.093279] NET: Registered protocol family 10
[   33.093416] NET: Registered protocol family 17
[   33.093427] Key type dns_resolver registered
[   33.093690] registered taskstats version 1
[   33.093708] Loading compiled-in X.509 certificates
[   33.094277] Loaded X.509 cert 'Build time autogenerated kernel key: 8f274abdf49cd12572c1533a34d1eafea768213f'
[   33.094293] zswap: loaded using pool lzo/zbud
[   33.096015] Key type trusted registered
[   33.098753] Key type encrypted registered
[   33.098760] AppArmor: AppArmor sha1 policy hashing enabled
[   33.098763] ima: No TPM chip found, activating TPM-bypass!
[   33.098771] ima: Allocated hash algorithm: sha1
[   33.098784] evm: HMAC attrs: 0x1
[   33.099232]   Magic number: 14:174:485
[   33.217582] rtc_cmos rtc_cmos: setting system clock to 2018-08-10 14:28:10 UTC (1533911290)
[   33.217761] BIOS EDD facility v0.16 2004-Jun-25, 0 devices found
[   33.217761] EDD information not available.
[   33.485570] input: AT Translated Set 2 keyboard as /devices/platform/i8042/serio0/input/input2
[   36.940246] Freeing unused kernel memory: 1516K
[   37.084229] Write protecting the kernel read-only data: 14336k
[   37.315956] Freeing unused kernel memory: 1680K
[   37.469175] Freeing unused kernel memory: 96K
Loading, please wait...
startin[   37.574052] random: systemd-udevd: uninitialized urandom read (16 bytes read, 7 bits of entropy available)
g version 229
[   37.575022] random: udevadm: uninitialized urandom read (16 bytes read, 7 bits of entropy available)
[   37.575057] random: udevadm: uninitialized urandom read (16 bytes read, 7 bits of entropy available)
[   37.586131] random: udevadm: uninitialized urandom read (16 bytes read, 7 bits of entropy available)
[   37.586185] random: udevadm: uninitialized urandom read (16 bytes read, 7 bits of entropy available)
[   37.586352] random: udevadm: uninitialized urandom read (16 bytes read, 7 bits of entropy available)
[   37.586415] random: udevadm: uninitialized urandom read (16 bytes read, 7 bits of entropy available)
[   37.586477] random: udevadm: uninitialized urandom read (16 bytes read, 7 bits of entropy available)
[   37.586542] random: udevadm: uninitialized urandom read (16 bytes read, 7 bits of entropy available)
[   37.586603] random: udevadm: uninitialized urandom read (16 bytes read, 7 bits of entropy available)
[   38.857030] e1000: Intel(R) PRO/1000 Network Driver - version 7.3.21-k8-NAPI
[   38.909377] e1000: Copyright (c) 1999-2006 Intel Corporation.
[   38.970341] Fusion MPT base driver 3.04.20
[   39.018931] Copyright (c) 1999-2008 LSI Corporation
[   39.029715] Fusion MPT SPI Host driver 3.04.20
[   39.055496] AVX2 version of gcm_enc/dec engaged.
[   39.070317] AES CTR mode by8 optimization enabled
[   39.303438] input: ImExPS/2 Generic Explorer Mouse as /devices/platform/i8042/serio1/input/input4
[   39.413530] e1000 0000:00:03.0 eth0: (PCI:33MHz:32-bit) 02:54:ad:ea:60:2e
[   39.489856] e1000 0000:00:03.0 eth0: Intel(R) PRO/1000 Network Connection
[   39.946349] e1000 0000:00:08.0 eth1: (PCI:33MHz:32-bit) 08:00:27:21:d5:cb
[   40.042104] e1000 0000:00:08.0 eth1: Intel(R) PRO/1000 Network Connection
[   40.045507] mptbase: ioc0: Initiating bringup
[   40.045888] e1000 0000:00:08.0 enp0s8: renamed from eth1
[   40.162633] e1000 0000:00:03.0 enp0s3: renamed from eth0
[   40.258440] ioc0: LSI53C1030 A0: Capabilities={Initiator}
[   40.949124] scsi host2: ioc0: LSI53C1030 A0, FwRev=00000000h, Ports=1, MaxQ=256, IRQ=20
[   42.579020] scsi 2:0:0:0: Direct-Access     VBOX     HARDDISK         1.0  PQ: 0 ANSI: 5
[   42.649056] scsi target2:0:0: Beginning Domain Validation
[   42.701343] scsi target2:0:0: Domain Validation skipping write tests
[   42.905296] scsi target2:0:0: Ending Domain Validation
[   43.134814] scsi target2:0:0: asynchronous
[   43.287932] scsi 2:0:1:0: Direct-Access     VBOX     HARDDISK         1.0  PQ: 0 ANSI: 5
[   43.429870] scsi target2:0:1: Beginning Domain Validation
[   43.434668] scsi target2:0:1: Domain Validation skipping write tests
[   43.467491] scsi target2:0:1: Ending Domain Validation
[   43.487516] scsi target2:0:1: asynchronous
[   43.515151] sd 2:0:0:0: Attached scsi generic sg0 type 0
[   43.515274] sd 2:0:0:0: [sda] 20971520 512-byte logical blocks: (10.7 GB/10.0 GiB)
[   43.515878] sd 2:0:0:0: [sda] Write Protect is off
[   43.516141] sd 2:0:0:0: [sda] Incomplete mode parameter data
[   43.516143] sd 2:0:0:0: [sda] Assuming drive cache: write through
[   43.534347]  sda: sda1
[   43.535063] sd 2:0:0:0: [sda] Attached SCSI disk
[   44.010361] sd 2:0:1:0: [sdb] 20480 512-byte logical blocks: (10.5 MB/10.0 MiB)
[   44.106415] sd 2:0:1:0: Attached scsi generic sg1 type 0
[   44.136797] sd 2:0:1:0: [sdb] Write Protect is off
[   44.141765] sd 2:0:1:0: [sdb] Incomplete mode parameter data
[   44.256120] sd 2:0:1:0: [sdb] Assuming drive cache: write through
[   44.381309] sd 2:0:1:0: [sdb] Attached SCSI disk
Begin: Loading e[   45.798564] md: linear personality registered for level -1
ssential drivers[   45.879907] md: multipath personality registered for level -4
 ... [   45.968468] md: raid0 personality registered for level 0
[   46.023591] md: raid1 personality registered for level 1
[   46.147782] raid6: sse2x1   gen()  9748 MB/s
[   46.259570] raid6: sse2x1   xor()  7353 MB/s
[   46.355664] raid6: sse2x2   gen() 12102 MB/s
[   46.463675] raid6: sse2x2   xor()  7668 MB/s
[   46.595873] raid6: sse2x4   gen() 13663 MB/s
[   46.695716] raid6: sse2x4   xor()  9745 MB/s
[   46.827688] raid6: avx2x1   gen() 14830 MB/s
[   46.931701] raid6: avx2x2   gen() 19625 MB/s
[   47.044067] raid6: avx2x4   gen() 25287 MB/s
[   47.088021] raid6: using algorithm avx2x4 gen() 25287 MB/s
[   47.152252] raid6: using avx2x2 recovery algorithm
[   47.205542] xor: automatically using best checksumming function:
[   47.387845]    avx       : 43235.000 MB/sec
[   47.455406] async_tx: api initialized (async)
[   47.512494] md: raid6 personality registered for level 6
[   47.576402] md: raid5 personality registered for level 5
[   47.648026] md: raid4 personality registered for level 4
[   47.711654] md: raid10 personality registered for level 10
done.
Begin: Running /scripts/init-premount ... done[   47.848074] Btrfs loaded
.
Begin: Mounting root file system ... Begin: Running /scripts/local-top ... done.
Begin: Running /scripts/local-premount ... Scanning for Btrfs filesystems
[   47.918319] EXT4-fs (sda1): mounted filesystem with ordered data mode. Opts: (null)
done.
Warning: fsck not present, so skipping root file system
done.
Begin: Running /scripts/local-bottom ... done.
Begin: Running /scripts/init-bottom ... done.
[   48.091582] systemd[1]: systemd 229 running in system mode. (+PAM +AUDIT +SELINUX +IMA +APPARMOR +SMACK +SYSVINIT +UTMP +LIBCRYPTSETUP +GCRYPT +GNUTLS +ACL +XZ -LZ4 +SECCOMP +BLKID +ELFUTILS +KMOD -IDN)
[   48.359316] systemd[1]: Detected virtualization oracle.
[   48.475675] systemd[1]: Detected architecture x86-64.

Welcome to [1mUbuntu 16.04.5 LTS[0m!

[   48.602565] systemd[1]: Set hostname to <ubuntu>.
[   48.703435] systemd[1]: Initializing machine ID from random generator.
[   48.815304] systemd[1]: Installed transient /etc/machine-id file.
[   49.058598] random: nonblocking pool is initialized
[   49.163498] systemd[1]: Listening on LVM2 poll daemon socket.
[[0;32m  OK  [0m] Listening on LVM2 poll daemon socket.
[   49.340651] systemd[1]: Created slice System Slice.
[[0;32m  OK  [0m] Created slice System Slice.
[   49.473043] systemd[1]: Listening on Syslog Socket.
[[0;32m  OK  [0m] Listening on Syslog Socket.
[   49.658353] systemd[1]: Reached target System Time Synchronized.
[[0;32m  OK  [0m] Reached target System Time Synchronized.
[   50.000525] systemd[1]: Reached target Encrypted Volumes.
[[0;32m  OK  [0m] Reached target Encrypted Volumes.
[   50.080604] systemd[1]: Listening on udev Kernel Socket.
[[0;32m  OK  [0m] Listening on udev Kernel Socket.
[   50.156737] systemd[1]: Listening on Journal Socket (/dev/log).
[[0;32m  OK  [0m] Listening on Journal Socket (/dev/log).
[   50.184157] systemd[1]: Listening on LVM2 metadata daemon socket.
[[0;32m  OK  [0m] Listening on LVM2 metadata daemon socket.
[   50.229132] systemd[1]: Created slice system-serial\x2dgetty.slice.
[[0;32m  OK  [0m] Created slice system-serial\x2dgetty.slice.
[   50.387635] systemd[1]: Reached target Swap.
[[0;32m  OK  [0m] Reached target Swap.
[   50.572232] systemd[1]: Set up automount Arbitrary Executable File Formats File System Automount Point.
[[0;32m  OK  [0m] Set up automount Arbitrary Executab...ats File System Automount Point.
[   50.868114] systemd[1]: Reached target User and Group Name Lookups.
[[0;32m  OK  [0m] Reached target User and Group Name Lookups.
[   51.108853] systemd[1]: Listening on Device-mapper event daemon FIFOs.
[[0;32m  OK  [0m] Listening on Device-mapper event daemon FIFOs.
[   51.332173] systemd[1]: Listening on /dev/initctl Compatibility Named Pipe.
[[0;32m  OK  [0m] Listening on /dev/initctl Compatibility Named Pipe.
[   51.408222] systemd[1]: Started Trigger resolvconf update for networkd DNS.
[[0;32m  OK  [0m] Started Trigger resolvconf update for networkd DNS.
[   51.644470] systemd[1]: Listening on Journal Audit Socket.
[[0;32m  OK  [0m] Listening on Journal Audit Socket.
[   51.760518] systemd[1]: Created slice User and Session Slice.
[[0;32m  OK  [0m] Created slice User and Session Slice.
[   51.960175] systemd[1]: Listening on Journal Socket.
[[0;32m  OK  [0m] Listening on Journal Socket.
[   52.160408] systemd[1]: Starting Nameserver information manager...
         Starting Nameserver information manager...
[   52.268234] systemd[1]: Starting Load Kernel Modules...
[   52278917] Loading iSCSI transport class v2.0-87
         Startin[   52.362679] iscsi: registered transport (tcp)
g Load Kernel Modules...
[   52.416281] systemd[1]: Starting Create list of required static device nodes for the current kernel...
[   52.473762] iscsi: registered transport (iser)
         Starting Create list of required st... nodes for the current kernel...
[   52.608462] systemd[1]: Starting Remount Root and Kernel File Systems...
[   52.613995] EXT4-fs (sda1): re-mounted. Opts: (null)
         Starting Remount Root and Kernel File Systems...
[   52.796352] systemd[1]: Starting Uncomplicated firewall...
         Starting Uncomplicated firewall...
[   52.928133] systemd[1]: Starting Monitoring of LVM2 mirrors, snapshots etc. using dmeventd or progress polling...
         Starting Monitoring of LVM2 mirrors... dmeventd or progress polling...
[   53.160378] systemd[1]: Mounting Debug File System...
         Mounting Debug File System...
[   53.324398] systemd[1]: Starting Set console keymap...
         Starting Set console keymap...
[   53.480281] systemd[1]: Starting Journal Service...
         Starting Journal Service...
[   53.524984] systemd[1]: Mounting POSIX Message Queue File System...
         Mounting POSIX Message Queue File System...
[   53.576211] systemd[1]: Started Forward Password Requests to Wall Directory Watch.
[[0;32m  OK  [0m] Started Forward Password Requests to Wall Directory Watch.
[   53.776267] systemd[1]: Listening on udev Control Socket.
[[0;32m  OK  [0m] Listening on udev Control Socket.
[   54.044104] systemd[1]: Mounting Huge Pages File System...
         Mounting Huge Pages File System...
[   54.228067] systemd[1]: Reached target Slices.
[[0;32m  OK  [0m] Reached target Slices.
[   54.405319] systemd[1]: Mounted Debug File System.
[[0;32m  OK  [0m] Mounted Debug File System.
[   54.504128] systemd[1]: Mounted POSIX Message Queue File System.
[[0;32m  OK  [0m] Mounted POSIX Message Queue File System.
[   54.636200] systemd[1]: Mounted Huge Pages File System.
[[0;32m  OK  [0m] Mounted Huge Pages File System.
[   54.697203] systemd[1]: Started Journal Service.
[[0;32m  OK  [0m] Started Journal Service.
[[0;32m  OK  [0m] Started Load Kernel Modules.
[[0;32m  OK  [0m] Started Create list of required sta...ce nodes for the current kernel.
[[0;32m  OK  [0m] Started Remount Root and Kernel File Systems.
[[0;32m  OK  [0m] Started Uncomplicated firewall.
[[0;32m  OK  [0m] Started Set console keymap.
[[0;32m  OK  [0m] Started Nameserver information manager.
[[0;32m  OK  [0m] Started LVM2 metadata daemon.
         Starting Load/Save Random Seed...
         Starting udev Coldplug all Devices...
         Starting Create Static Device Nodes in /dev...
         Starting Apply Kernel Variables...
         Mounting FUSE Control File System...
         Starting Flush Journal to Persistent Storage...
[[0;32m  OK  [0m] Mounted FUSE Control File System.
[[0;32m  OK  [0m] Started Monitoring of LVM2 mirrors,...ng dmeventd or progress polling.
[[0;32m  OK  [0m] Started Load/Save Random Seed.
[[0;32m  OK  [0m] Started Create Static Device Nodes in /dev.
[[0;32m  OK  [0m] Started Apply Kernel Variables.
[[0;32m  OK  [0m] Started udev Coldplug all Devices.
[[0;32m  OK  [0m] Started Flush Journal to Persistent Storage.
         Starting udev Kernel Device Manager...
[[0;32m  OK  [0m] Started udev Kernel Device Manager.
[[0;32m  OK  [0m] Started Dispatch Password Requests to Console Directory Watch.
[[0;32m  OK  [0m] Reached target Local File Systems (Pre).
[[0;32m  OK  [0m] Reached target Local File Systems.
         Starting Commit a transient machine-id on disk...
         Starting Initial cloud-init job (pre-networking)...
         Starting Tell Plymouth To Write Out Runtime Data...
         Starting Set console font and keymap...
         Starting Create Volatile Files and Directories...
         Starting LSB: AppArmor initialization...
[[0;32m  OK  [0m] Started Commit a transient machine-id on disk.
[[0;32m  OK  [0m] Started Tell Plymouth To Write Out Runtime Data.
[[0;32m  OK  [0m] Started Create Volatile Files and Directories.
[[0;32m  OK  [0m] Found device /dev/ttyS0.
[[0;32m  OK  [0m] Listening on Load/Save RF Kill Switch Status /dev/rfkill Watch.
[   32.966486] cloud-init[587]: Cloud-init v. 18.3-9-g2e62cb8a-0ubuntu1~16.04.2 running 'init-local' at Fri, 10 Aug 2018 14:28:34 +0000. Up 32.61 seconds.
         Starting Update UTMP about System Boot/Shutdown...
[[0;32m  OK  [0m] Started Set console font and keymap.
[[0;32m  OK  [0m] Started Initial cloud-init job (pre-networking).
[[0;32m  OK  [0m] Reached target Network (Pre).
[[0;32m  OK  [0m] Created slice system-getty.slice.
[[0;32m  OK  [0m] Started Update UTMP about System Boot/Shutdown.
[[0;32m  OK  [0m] Started LSB: AppArmor initialization.
         Starting Raise network interfaces...
[[0;32m  OK  [0m] Started Raise network interfaces.
[[0;32m  OK  [0m] Reached target Network.
         Starting Initial cloud-init job (metadata service crawler)...
[   34.888087] cloud-init[935]: Cloud-init v. 18.3-9-g2e62cb8a-0ubuntu1~16.04.2 running 'init' at Fri, 10 Aug 2018 14:28:36 +0000. Up 34.20 seconds.
[   35.036797] cloud-init[935]: ci-info: ++++++++++++++++++++++++++++++++++++++Net device info+++++++++++++++++++++++++++++++++++++++
[[0;32m  OK  [0m] Started Initial cloud-init job (metadata service crawler).
[   35.037603] cloud-init[935]: ci-info: +--------+-------+----------------------------+---------------+--------+-------------------+
[   35.373077] cloud-init[935]: ci-info: | Device |   Up  |          Address           |      Mask     | Scope  |     Hw-Address    |
[   35.373663] cloud-init[935]: ci-info: +--------+-------+----------------------------+---------------+--------+-------------------+
[[0;32m  OK  [0m] Reached target System Initialization.
[   35.373850] cloud-init[935]: ci-info: | enp0s3 |  True |         10.0.2.15          | 255.255.255.0 | global | 02:54:ad:ea:60:2e |
[   35.765233] cloud-init[935]: ci-info: | enp0s3 |  True | fe80::54:adff:feea:602e/64 |       .       |  link  | 02:54:ad:ea:60:2e |
[   35.766025] cloud-init[935]: ci-info: | enp0s8 | False |             .              |       .       |   .    | 08:00:27:21:d5:cb |
         Starting LXD - unix socket.
[[   35.766469] cloud-init[935]: ci-info: |   lo   |  True |         127.0.0.1          |   255.0.0.0   |  host  |         .         |
[   36.106128] cloud-init[935]: ci-info: |   lo   |  True |          ::1/128           |       .       |  host  |         .         |
[0;32m  OK  [0m] Listening on UUID daemon activation socket.
[[   36.106352] cloud-init[935]: ci-info: +--------+-------+----------------------------+---------------+--------+-------------------+
[   36.441709] cloud-init[935]: ci-info: +++++++++++++++++++++++++++Route IPv4 info++++++++++++++++++++++++++++
[0;32m  OK  [0m] Listening on D-Bus System Message Bus Socket.
[   36.442111] cloud-init[935]: ci-info: +-------+-------------+----------+---------------+-----------+-------+
[   36.837866] cloud-init[935]: ci-info: | Route | Destination | Gateway  |    Genmask    | Interface | Flags |
[[   36.838378] [0;32m  OK  [0mcloud-init] [935]: Started ACPI Events Check.ci-info: +-------+-------------+----------+---------------+-----------+-------+

[[   36.838811] cloud-init[935]: ci-info: |   0   |   0.0.0.0   | 10.0.2.2 |    0.0.0.0    |   enp0s3  |   UG  |
[0;32m  OK  [0m] Reached target Paths.
[   37.025970] cloud-init[935]: ci-info: |   1   |   10.0.2.0  | 0.0.0.0  | 255.255.255.0 |   enp0s3  |   U   |
[   37.253174] cloud-init[935]: ci-info: +-------+-------------+----------+---------------+-----------+-------+
[   37.253695] cloud-init[935]: ci-info: +++++++++++++++++++Route IPv6 info+++++++++++++++++++
         Starting Socket activation for snappy daemon.
[   37.253998] cloud-init[935]: ci-info: +-------+-------------+---------+-----------+-------+
[   37.590801] cloud-init[935]: ci-info: | Route | Destination | Gateway | Interface | Flags |
[[0;32m  OK  [0m] Listening on ACPID Listen Socket.
[[   37.591332] cloud-init[935]: ci-info: +-------+-------------+---------+-----------+-------+
[   37.873809] cloud-init[935]: ci-info: |   0   |  fe80::/64  |    ::   |   enp0s3  |   U   |
[0;32m  OK  [0m] Started Daily apt download activities.
[   37.874069] cloud-init[935]: ci-info: |   3   |   ff00::/8  |    ::   |   enp0s3  |   U   |
[[0;32m  OK  [0m] Started Daily Cleanup of Temporary Directories.
[[   38.106349] cloud-init[935]: ci-info: +-------+-------------+---------+-----------+-------+
[0;32m  OK  [0m] Started Daily apt upgrade and clean activities.
[   38.293959] cloud-init[935]: Generating public/private rsa key pair.
[   38.484661] cloud-init[935]: Your identification has been saved in /etc/ssh/ssh_host_rsa_key.
[   38.485203] cloud-init[935]: Your public key has been saved in /etc/ssh/ssh_host_rsa_key.pub.
[[0;32m  OK   [0m] Reached target Timers.
[   38.485430] cloud-init[935]: The key fingerprint is:
[   38.690502] cloud-init[935]: SHA256:uL/+RXfsh9bJ4Dhy5+b/eqo0nBHg01Lg342B6pmfcCU root@ubuntu-xenial
[[0;32m  OK  [0m] Reached target Cloud-config availability.
[[   38.690704] cloud-init[935]: The key's randomart image is:
[   38.961872] cloud-init[935]: +---[RSA 2048]----+
[0;32m  OK  [0m] Reached target Network is Online.
[   38.962050] cloud-init[935]: |          o..    |
[   39.188729] cloud-init[935]: |         o + .   |
[   39.189801] cloud-init[935]: |          = + .  |
         Starting iSCSI initiator daemon (iscsid)...
[   39.190200] cloud-init[935]: |       .   = o = |
[   39.368941] cloud-init[935]: |      . S . E.= +|
[   39.369826] cloud-init[935]: |       . . =o*o=.|
[[0;32m  OK  [0m] Listening on LXD - unix socket.
[[   39.370091] cloud-init[935]: |      .  .=+Booo+|
[0;32m  OK  [0m] Listening on Socket activation for snappy daemon.
[   39.498034] cloud-init[935]: |       .  o*+=  o|
[   39.649598] cloud-init[935]: |       .+o. *++=o|
[   39.650583] cloud-init[935]: +----[SHA256]-----+[
[0;32m  OK  [0m] Reached target Sockets.
[[   39.650970] cloud-init[935]: Generating public/private dsa key pair.
[   39.818134] cloud-init[935]: Your identification has been saved in /etc/ssh/ssh_host_dsa_key.
[0;32m  OK  [0m] Reached target Basic System.
[   39.818465] cloud-init[935]: Your public key has been saved in /etc/ssh/ssh_host_dsa_key.pub.
         [   40.112509] Starting Accounts Service...cloud-init
[935]: The key fingerprint is:
[   40.156454] cloud-init[935]: SHA256:vZR4TAZgQ+apZNOq0Cd4KjP2ribrCyjzbm2DpjKsi8Y root@ubuntu-xenial
[[   40.157064] [0;32m  OK  [0mcloud-init] [935]: Started D-Bus System Message Bus.The key's randomart image is:

[   40.273502] cloud-init[935]: +---[DSA 1024]----+
[   40.274401] cloud-init[935]: |     .*..        |
[[0;32m  OK  [0m] Started FUSE filesystem for LXC.
[   40.275064] cloud-init[935]: |     = o .       |
[   40.416817] cloud-init[935]: |    + +   o      |
[   40.427486] cloud-init[935]: | o o +   * .     |
[   40.427916] cloud-init[935]: |o + +   S *      |
         Starting /etc/rc.local Compatibility...
[   40.428364] cloud-init[935]: |.+ +     o .     |
[   40.495742] cloud-init[935]: |%..o      .      |
[   40.512463] cloud-init[935]: |XE= +            |
         Starting Login Service...
[   40.512916] cloud-init[935]: |&%*+ .           |
[   40.564758] cloud-init[935]: +----[SHA256]-----+
[   40.565377] cloud-init         [935]: Starting LSB: Record successful boot for GRUB...Generating public/private ecdsa key pair.

[   40.566041] cloud-init[935]: Your identification has been saved in /etc/ssh/ssh_host_ecdsa_key.
[   40.644443] cloud-init[935]: Your public key has been saved in /etc/ssh/ssh_host_ecdsa_key.pub.
[   40.644964] cloud-init[935]: The key fingerprint is:
         Starting Pollinate to seed the pseudo random number generator...
[   40.645244] cloud-init[935]: SHA256:2AyCIq7U/q9dcxpPvxMemNqqyU/ZmAl0mobd/TGbTVI root@ubuntu-xenial
[   40.741155] [cloud-init[0;32m  OK  [0m[935]: ] The key's randomart image is:Started Regular background program processing daemon.

[   40.742712] cloud-init[935]: +---[ECDSA 256]---+
[   40.792863]          cloud-initStarting LSB: MD monitoring daemon...[935]: 
|                 |
[   40.814044]          cloud-initStarting LXD - container startup/shutdown...[935]: 
|   .             |
[   40.852726] [cloud-init[0;32m  OK  [0m[935]: ] |o . . .. .     E |Started ACPI event daemon.

[   40.916887] [cloud-init[0;32m  OK  [0m[935]: ] |o..  .+== .   .  |Started Deferred execution scheduler.

[   40.917891] cloud-init[935]: | o . ..*S. .o+ . |
[   40.984920]          cloud-initStarting Virtualbox guest utils...[935]: 
|o .   . . *o.oO  |
[   40.986155] cloud-init[935]: |.  .     Xo+.+o. |
[   41.010088] cloud-init[935]: |    . o +.B..o   |
[   41.026530]          Starting Snappy daemon...
cloud-init[935]: |     oo*o+.. oo  |
[   41.067077]          Starting System Logging Service...
cloud-init[935]: +----[SHA256]-----+
[[0;32m  OK  [0m] Started Unattended Upgrades Shutdown.
[   41.083947] cloud-init[935]: Generating public/private ed25519 key pair.
[   41.125085] cloud-init[935]: Your identification has been saved in /etc/ssh/ssh_host_ed25519_key.
[   41.127576] cloud-init[935]: Your public key has been saved in /etc/ssh/ssh_host_ed25519_key.pub.
[   41.128716] cloud-init[935]: The key fingerprint is:
[   41.131375] cloud-init[935]: SHA256:cQvxvYuklzCiUoRwh7jZkE3yj56h0on4GNtwk4aU9PI root@ubuntu-xenial
[   41.131869] cloud-init[935]: The key's randomart image is:
[[0;32m  OK  [0m] Started System Logging Service.
[[0;32m  OK  [0m] Started Snappy daemon.
[[0;32m  OK  [0m] Started iSCSI initiator daemon (iscsid).
[   41.132778] cloud-init[935]: +--[ED25519 256]--+
[   41.423936] cloud-init[935]: |o=o..   .        |
[[0;32m  OK  [0m] Started /etc/rc.local Compatibility.
[   41.424966] cloud-init[935]: |+=oo     o .     |
[[   41.585347] cloud-init[935]: | *o .   o o .    |
[   41.585812] cloud-init[935]: |+ ++     + . .   |
[0;32m  OK  [0m] Started Pollinate to seed the pseudo random number generator.
[[0;32m  OK  [0m] Started LXD - container startup/shutdown.
[   41.586498] cloud-init[935]: | +o.o . S o .    |
[[   41.812657] cloud-init[935]: |o*o* . . = o .   |
[0;32m  OK  [0m] Started LSB: Record successful boot for GRUB.
[   41.814280] cloud-init[935]: |O @E.   . + .    |
[[   41.869244] cloud-init[935]: |.X o     .       |
[   41.870461] cloud-init[935]: |o o              |
[0;32m  OK  [0m] Started LSB: MD monitoring daemon.
[   41.870718] cloud-init[935]: +----[SHA256]-----+
[[0;32m  OK  [0m] Started Login Service.
         Starting Authenticate and Authorize Users to Run Privileged Tasks...
         Starting OpenBSD Secure Shell server...
         Starting Login to default iSCSI targets...
         Starting Wait until snapd is fully seeded...
[[0;32m  OK  [0m] Started OpenBSD Secure Shell server.
[[0;32m  OK  [0m] Started Authenticate and Authorize Users to Run Privileged Tasks.
[[0;32m  OK  [0m] Started Virtualbox guest utils.
[[0;32m  OK  [0m] Started Accounts Service.
[[0;32m  OK  [0m] Started Login to default iSCSI targets.
[[0;32m  OK  [0m] Reached target Remote File Systems (Pre).
[[0;32m  OK  [0m] Reached target Remote File Systems.
         Starting LSB: daemon to balance interrupts for SMP systems...
         Starting LSB: automatic crash report generation...
         Starting Permit User Sessions...
         Starting LSB: Set the CPU Frequency Scaling governor to "ondemand"...
[[0;32m  OK  [0m] Started Permit User Sessions.
[[0;32m  OK  [0m] Started Wait until snapd is fully seeded.
[[0;32m  OK  [0m] Created slice User Slice of vagrant.
         Starting User Manager for UID 1000...
         Starting Apply the settings specified in cloud-config...
         Starting Terminate Plymouth Boot Screen...
         Starting Hold until boot process finishes up...
[[0;32m  OK  [0m] Started User Manager for UID 1000.
[[0;32m  OK  [0m] Started LSB: daemon to balance interrupts for SMP systems.
[[0;32m  OK  [0m] Started LSB: automatic crash report generation.
[[0;32m  OK  [0m] Started LSB: Set the CPU Frequency Scaling governor to "ondemand".
[[0;32m  OK  [0m] Started Terminate Plymouth Boot Screen.
[   43.080534] cloud-init[1251]: Generating locales (this might take a while)...
[[0;32m  OK  [0m] Started Hold until boot process finishes up.
[[0;32m  OK  [0m] Started Session 1 of user vagrant.
[[0;32m  OK  [0m] Started Serial Getty on ttyS0.
         Starting Set console scheme...
[[0;32m  OK  [0m] Started Getty on tty1.
[[0;32m  OK  [0m] Reached target Login Prompts.
[[0;32m  OK  [0m] Reached target Multi-User System.
[[0;32m  OK  [0m] Reached target Graphical Interface.
         Starting Update UTMP about System Runlevel Changes...
[[0;32m  OK  [0m] Started Set console scheme.
[[0;32m  OK  [0m] Started Update UTMP about System Runlevel Changes.
[   44.386586] cloud-init[1251]:   en_US.UTF-8... done
[   44.413826] cloud-init[1251]: Generation complete.
[   44.812762] cloud-init[1251]: Cloud-init v. 18.3-9-g2e62cb8a-0ubuntu1~16.04.2 running 'modules:config' at Fri, 10 Aug 2018 14:28:44 +0000. Up 42.94 seconds.
[[0;32m  OK  [0m] Started Apply the settings specified in cloud-config.
         Starting Execute cloud user/final scripts...
         Stopping User Manager for UID 1000...
[[0;32m  OK  [0m] Stopped User Manager for UID 1000.
[[0;32m  OK  [0m] Removed slice User Slice of vagrant.
[[0;32m  OK  [0m] Created slice User Slice of vagrant.
         Starting User Manager for UID 1000...
[[0;32m  OK  [0m] Started Session 2 of user vagrant.
[[0;32m  OK  [0m] Started User Manager for UID 1000.
ci-info: no authorized ssh keys fingerprints found for user ubuntu.
<14>Aug 10 14:28:47 ec2: 
<14>Aug 10 14:28:47 ec2: #############################################################
<14>Aug 10 14:28:47 ec2: -----BEGIN SSH HOST KEY FINGERPRINTS-----
<14>Aug 10 14:28:47 ec2: 1024 SHA256:vZR4TAZgQ+apZNOq0Cd4KjP2ribrCyjzbm2DpjKsi8Y root@ubuntu-xenial (DSA)
<14>Aug 10 14:28:47 ec2: 256 SHA256:2AyCIq7U/q9dcxpPvxMemNqqyU/ZmAl0mobd/TGbTVI root@ubuntu-xenial (ECDSA)
<14>Aug 10 14:28:47 ec2: 256 SHA256:cQvxvYuklzCiUoRwh7jZkE3yj56h0on4GNtwk4aU9PI root@ubuntu-xenial (ED25519)
<14>Aug 10 14:28:47 ec2: 2048 SHA256:uL/+RXfsh9bJ4Dhy5+b/eqo0nBHg01Lg342B6pmfcCU root@ubuntu-xenial (RSA)
<14>Aug 10 14:28:47 ec2: -----END SSH HOST KEY FINGERPRINTS-----
<14>Aug 10 14:28:47 ec2: #############################################################
-----BEGIN SSH HOST KEY KEYS-----
ecdsa-sha2-nistp256 AAAAE2VjZHNhLXNoYTItbmlzdHAyNTYAAAAIbmlzdHAyNTYAAABBBKOEYKeTwTiYJ7lsFYHp67GeIOsVAljY5KAj+8O/id2oKjALZy6Em0gPYpZ9tc5r0ryaJE7Z1ol6aohZe5HNwJ8= root@ubuntu-xenial
ssh-ed25519 AAAAC3NzaC1lZDI1NTE5AAAAIK9SvTNqNhNm1QqpZkcOmpYK65DhfJmbUTJsq+o/vVlO root@ubuntu-xenial
ssh-rsa AAAAB3NzaC1yc2EAAAADAQABAAABAQDhrzwgRtZwuZCSpe6M9oQDuMk3ePpsxSaMdMMjV37dYczAZVgeFnR5X9c5VL8Y5MvA70QEsIrLONq1/E8AWYaYekIrNOYNofzvfdIkcjcaqKM5p+DDt42TtbNMDnu/YCQuTXPqLdofdotkRoyb9/3cZyslmWte3RrlINDaJavg+90f604SkCN6qIGdK4dJbkUXKEEWtIpd29Gnqu3Ye+7lfNLvNEqVwNhCWS7b6nX5ONSKlPY+4VuOMA9urCtQ7p13X0ZASmR7Vz6XVUyAwW9dh4/soigtcpDOaEY/O6doMghnXBf0UaWiTGA2UIHlSpE6m2lCd8lz9Xv0TzscvXjF root@ubuntu-xenial
-----END SSH HOST KEY KEYS-----
[   46.653771] cloud-init[1449]: Cloud-init v. 18.3-9-g2e62cb8a-0ubuntu1~16.04.2 running 'modules:final' at Fri, 10 Aug 2018 14:28:47 +0000. Up 45.38 seconds.
[   46.748984] cloud-init[1449]: ci-info: no authorized ssh keys fingerprints found for user ubuntu.
[   46.749551] cloud-init[1449]: Cloud-init v. 18.3-9-g2e62cb8a-0ubuntu1~16.04.2 finished at Fri, 10 Aug 2018 14:28:48 +0000. Datasource DataSourceNoCloud [seed=/dev/sdb][dsmode=net].  Up 46.63 seconds
[[0;32m  OK  [0m] Started Execute cloud user/final scripts.
[[0;32m  OK  [0m] Reached target Cloud-init target.

Ubuntu 16.04.5 LTS ubuntu-xenial ttyS0

ubuntu-xenial login: 